<?xml version="1.0" encoding="UTF-8"?>
<testng-results skipped="0" failed="0" ignored="0" total="1" passed="1">
  <reporter-output>
  </reporter-output>
  <suite name="Default suite" duration-ms="3149" started-at="2019-08-25T15:10:32Z" finished-at="2019-08-25T15:10:35Z">
    <groups>
    </groups>
    <test name="Default test" duration-ms="3149" started-at="2019-08-25T15:10:32Z" finished-at="2019-08-25T15:10:35Z">
      <class name="com.mvn.testcases.LoginTest">
        <test-method status="PASS" signature="setUp()[pri:0, instance:com.mvn.testcases.LoginTest@5f9d02cb]" name="setUp" is-config="true" duration-ms="5582" started-at="2019-08-25T20:40:26Z" finished-at="2019-08-25T20:40:32Z">
          <reporter-output>
          </reporter-output>
        </test-method> <!-- setUp -->
        <test-method status="PASS" signature="loginAsManager()[pri:0, instance:com.mvn.testcases.LoginTest@5f9d02cb]" name="loginAsManager" duration-ms="3129" started-at="2019-08-25T20:40:32Z" finished-at="2019-08-25T20:40:35Z">
          <reporter-output>
          </reporter-output>
        </test-method> <!-- loginAsManager -->
        <test-method status="PASS" signature="tearDown()[pri:0, instance:com.mvn.testcases.LoginTest@5f9d02cb]" name="tearDown" is-config="true" duration-ms="629" started-at="2019-08-25T20:40:35Z" finished-at="2019-08-25T20:40:35Z">
          <reporter-output>
          </reporter-output>
        </test-method> <!-- tearDown -->
      </class> <!-- com.mvn.testcases.LoginTest -->
    </test> <!-- Default test -->
  </suite> <!-- Default suite -->
</testng-results>
